#
# There is insufficient memory for the Java Runtime Environment to continue.
# Native memory allocation (malloc) failed to allocate 93568 bytes for Chunk::new
# Possible reasons:
#   The system is out of physical RAM or swap space
#   The process is running with CompressedOops enabled, and the Java Heap may be blocking the growth of the native heap
# Possible solutions:
#   Reduce memory load on the system
#   Increase physical memory or swap space
#   Check if swap backing store is full
#   Decrease Java heap size (-Xmx/-Xms)
#   Decrease number of Java threads
#   Decrease Java thread stack sizes (-Xss)
#   Set larger code cache with -XX:ReservedCodeCacheSize=
#   JVM is running with Unscaled Compressed Oops mode in which the Java heap is
#     placed in the first 4GB address space. The Java Heap base address is the
#     maximum limit for the native heap growth. Please use -XX:HeapBaseMinAddress
#     to set the Java Heap base and to place the Java Heap above 4GB virtual address.
# This output file may be truncated or incomplete.
#
#  Out of Memory Error (arena.cpp:189), pid=5840, tid=8736
#
# JRE version:  (17.0.6) (build )
# Java VM: OpenJDK 64-Bit Server VM (17.0.6+0-b2043.56-9586694, mixed mode, tiered, compressed oops, compressed class ptrs, g1 gc, windows-amd64)
# No core dump will be written. Minidumps are not enabled by default on client versions of Windows
#

---------------  S U M M A R Y ------------

Command Line: git4idea.http.GitAskPassApp Username for 'https://github.com': 

Host: AMD Ryzen 3 3250U with Radeon Graphics         , 4 cores, 3G,  Windows 10 , 64 bit Build 19041 (10.0.19041.2788)
Time: Thu May 18 18:13:00 2023 GTB Daylight Time elapsed time: 0.223702 seconds (0d 0h 0m 0s)

---------------  T H R E A D  ---------------

Current thread (0x000002381627bb40):  JavaThread "main" [_thread_in_vm, id=8736, stack(0x00000094d4b00000,0x00000094d4c00000)]

Stack: [0x00000094d4b00000,0x00000094d4c00000]
Native frames: (J=compiled Java code, j=interpreted, Vv=VM code, C=native code)
V  [jvm.dll+0x683b4a]
V  [jvm.dll+0x842654]
V  [jvm.dll+0x843dfe]
V  [jvm.dll+0x844463]
V  [jvm.dll+0x249b75]
V  [jvm.dll+0xabcac]
V  [jvm.dll+0xac27c]
V  [jvm.dll+0x1f5b2a]
V  [jvm.dll+0x1f4682]
V  [jvm.dll+0x7bc67b]
V  [jvm.dll+0x7bdac2]
V  [jvm.dll+0x7bddf8]
V  [jvm.dll+0x24190e]
V  [jvm.dll+0x241b5f]
V  [jvm.dll+0x565e98]
V  [jvm.dll+0x568dd7]
V  [jvm.dll+0x3883a4]
V  [jvm.dll+0x387a0f]
C  0x00000238224ca443

Java frames: (J=compiled Java code, j=interpreted, Vv=VM code)
j  java.nio.Buffer.<clinit>()V+22 java.base
v  ~StubRoutines::call_stub
j  sun.nio.cs.StreamEncoder.<init>(Ljava/io/OutputStream;Ljava/lang/Object;Ljava/nio/charset/CharsetEncoder;)V+42 java.base
j  sun.nio.cs.StreamEncoder.<init>(Ljava/io/OutputStream;Ljava/lang/Object;Ljava/nio/charset/Charset;)V+19 java.base
j  sun.nio.cs.StreamEncoder.forOutputStreamWriter(Ljava/io/OutputStream;Ljava/lang/Object;Ljava/nio/charset/Charset;)Lsun/nio/cs/StreamEncoder;+7 java.base
j  java.io.OutputStreamWriter.<init>(Ljava/io/OutputStream;)V+11 java.base
j  java.io.PrintStream.<init>(ZLjava/io/OutputStream;)V+26 java.base
j  java.io.PrintStream.<init>(Ljava/io/OutputStream;Z)V+11 java.base
j  java.lang.System.newPrintStream(Ljava/io/FileOutputStream;Ljava/lang/String;)Ljava/io/PrintStream;+42 java.base
j  java.lang.System.initPhase1()V+92 java.base
v  ~StubRoutines::call_stub

---------------  P R O C E S S  ---------------

Threads class SMR info:
_java_thread_list=0x000002382eb9e810, length=3, elements={
0x000002381627bb40, 0x000002382eba3e90, 0x000002382eba4910
}

Java Threads: ( => current thread )
=>0x000002381627bb40 JavaThread "main" [_thread_in_vm, id=8736, stack(0x00000094d4b00000,0x00000094d4c00000)]
  0x000002382eba3e90 JavaThread "Reference Handler" daemon [_thread_blocked, id=132, stack(0x00000094d5200000,0x00000094d5300000)]
  0x000002382eba4910 JavaThread "Finalizer" daemon [_thread_blocked, id=9464, stack(0x00000094d5300000,0x00000094d5400000)]

Other Threads:
  0x000002382eb7ccc0 VMThread "VM Thread" [stack: 0x00000094d5100000,0x00000094d5200000] [id=10100]
  0x00000238162b6210 GCTaskThread "GC Thread#0" [stack: 0x00000094d4c00000,0x00000094d4d00000] [id=14112]
  0x00000238162beda0 ConcurrentGCThread "G1 Main Marker" [stack: 0x00000094d4d00000,0x00000094d4e00000] [id=4548]
  0x00000238162bf7b0 ConcurrentGCThread "G1 Conc#0" [stack: 0x00000094d4e00000,0x00000094d4f00000] [id=2264]
  0x00000238162fa840 ConcurrentGCThread "G1 Refine#0" [stack: 0x00000094d4f00000,0x00000094d5000000] [id=6696]
  0x00000238162fb260 ConcurrentGCThread "G1 Service" [stack: 0x00000094d5000000,0x00000094d5100000] [id=10724]

Threads with active compile tasks:

VM state: not at safepoint (normal execution)

VM Mutex/Monitor currently owned by a thread: None

Heap address: 0x00000000c9e00000, size: 866 MB, Compressed Oops mode: 32-bit

CDS archive(s) not mapped
Compressed class space mapped at: 0x0000000100000000-0x0000000140000000, reserved size: 1073741824
Narrow klass base: 0x0000000000000000, Narrow klass shift: 3, Narrow klass range: 0x140000000

GC Precious Log:
 CPUs: 4 total, 4 available
 Memory: 3460M
 Large Page Support: Disabled
 NUMA Support: Disabled
 Compressed Oops: Enabled (32-bit)
 Heap Region Size: 1M
 Heap Min Capacity: 8M
 Heap Initial Capacity: 56M
 Heap Max Capacity: 866M
 Pre-touch: Disabled
 Parallel Workers: 4
 Concurrent Workers: 1
 Concurrent Refinement Workers: 4
 Periodic GC: Disabled

Heap:
 garbage-first heap   total 57344K, used 0K [0x00000000c9e00000, 0x0000000100000000)
  region size 1024K, 1 young (1024K), 0 survivors (0K)
 Metaspace       used 2519K, committed 2624K, reserved 1056768K
  class space    used 202K, committed 256K, reserved 1048576K

Heap Regions: E=young(eden), S=young(survivor), O=old, HS=humongous(starts), HC=humongous(continues), CS=collection set, F=free, OA=open archive, CA=closed archive, TAMS=top-at-mark-start (previous, next)
|   0|0x00000000c9e00000, 0x00000000c9e00000, 0x00000000c9f00000|  0%| F|  |TAMS 0x00000000c9e00000, 0x00000000c9e00000| Untracked 
|   1|0x00000000c9f00000, 0x00000000c9f00000, 0x00000000ca000000|  0%| F|  |TAMS 0x00000000c9f00000, 0x00000000c9f00000| Untracked 
|   2|0x00000000ca000000, 0x00000000ca000000, 0x00000000ca100000|  0%| F|  |TAMS 0x00000000ca000000, 0x00000000ca000000| Untracked 
|   3|0x00000000ca100000, 0x00000000ca100000, 0x00000000ca200000|  0%| F|  |TAMS 0x00000000ca100000, 0x00000000ca100000| Untracked 
|   4|0x00000000ca200000, 0x00000000ca200000, 0x00000000ca300000|  0%| F|  |TAMS 0x00000000ca200000, 0x00000000ca200000| Untracked 
|   5|0x00000000ca300000, 0x00000000ca300000, 0x00000000ca400000|  0%| F|  |TAMS 0x00000000ca300000, 0x00000000ca300000| Untracked 
|   6|0x00000000ca400000, 0x00000000ca400000, 0x00000000ca500000|  0%| F|  |TAMS 0x00000000ca400000, 0x00000000ca400000| Untracked 
|   7|0x00000000ca500000, 0x00000000ca500000, 0x00000000ca600000|  0%| F|  |TAMS 0x00000000ca500000, 0x00000000ca500000| Untracked 
|   8|0x00000000ca600000, 0x00000000ca600000, 0x00000000ca700000|  0%| F|  |TAMS 0x00000000ca600000, 0x00000000ca600000| Untracked 
|   9|0x00000000ca700000, 0x00000000ca700000, 0x00000000ca800000|  0%| F|  |TAMS 0x00000000ca700000, 0x00000000ca700000| Untracked 
|  10|0x00000000ca800000, 0x00000000ca800000, 0x00000000ca900000|  0%| F|  |TAMS 0x00000000ca800000, 0x00000000ca800000| Untracked 
|  11|0x00000000ca900000, 0x00000000ca900000, 0x00000000caa00000|  0%| F|  |TAMS 0x00000000ca900000, 0x00000000ca900000| Untracked 
|  12|0x00000000caa00000, 0x00000000caa00000, 0x00000000cab00000|  0%| F|  |TAMS 0x00000000caa00000, 0x00000000caa00000| Untracked 
|  13|0x00000000cab00000, 0x00000000cab00000, 0x00000000cac00000|  0%| F|  |TAMS 0x00000000cab00000, 0x00000000cab00000| Untracked 
|  14|0x00000000cac00000, 0x00000000cac00000, 0x00000000cad00000|  0%| F|  |TAMS 0x00000000cac00000, 0x00000000cac00000| Untracked 
|  15|0x00000000cad00000, 0x00000000cad00000, 0x00000000cae00000|  0%| F|  |TAMS 0x00000000cad00000, 0x00000000cad00000| Untracked 
|  16|0x00000000cae00000, 0x00000000cae00000, 0x00000000caf00000|  0%| F|  |TAMS 0x00000000cae00000, 0x00000000cae00000| Untracked 
|  17|0x00000000caf00000, 0x00000000caf00000, 0x00000000cb000000|  0%| F|  |TAMS 0x00000000caf00000, 0x00000000caf00000| Untracked 
|  18|0x00000000cb000000, 0x00000000cb000000, 0x00000000cb100000|  0%| F|  |TAMS 0x00000000cb000000, 0x00000000cb000000| Untracked 
|  19|0x00000000cb100000, 0x00000000cb100000, 0x00000000cb200000|  0%| F|  |TAMS 0x00000000cb100000, 0x00000000cb100000| Untracked 
|  20|0x00000000cb200000, 0x00000000cb200000, 0x00000000cb300000|  0%| F|  |TAMS 0x00000000cb200000, 0x00000000cb200000| Untracked 
|  21|0x00000000cb300000, 0x00000000cb300000, 0x00000000cb400000|  0%| F|  |TAMS 0x00000000cb300000, 0x00000000cb300000| Untracked 
|  22|0x00000000cb400000, 0x00000000cb400000, 0x00000000cb500000|  0%| F|  |TAMS 0x00000000cb400000, 0x00000000cb400000| Untracked 
|  23|0x00000000cb500000, 0x00000000cb500000, 0x00000000cb600000|  0%| F|  |TAMS 0x00000000cb500000, 0x00000000cb500000| Untracked 
|  24|0x00000000cb600000, 0x00000000cb600000, 0x00000000cb700000|  0%| F|  |TAMS 0x00000000cb600000, 0x00000000cb600000| Untracked 
|  25|0x00000000cb700000, 0x00000000cb700000, 0x00000000cb800000|  0%| F|  |TAMS 0x00000000cb700000, 0x00000000cb700000| Untracked 
|  26|0x00000000cb800000, 0x00000000cb800000, 0x00000000cb900000|  0%| F|  |TAMS 0x00000000cb800000, 0x00000000cb800000| Untracked 
|  27|0x00000000cb900000, 0x00000000cb900000, 0x00000000cba00000|  0%| F|  |TAMS 0x00000000cb900000, 0x00000000cb900000| Untracked 
|  28|0x00000000cba00000, 0x00000000cba00000, 0x00000000cbb00000|  0%| F|  |TAMS 0x00000000cba00000, 0x00000000cba00000| Untracked 
|  29|0x00000000cbb00000, 0x00000000cbb00000, 0x00000000cbc00000|  0%| F|  |TAMS 0x00000000cbb00000, 0x00000000cbb00000| Untracked 
|  30|0x00000000cbc00000, 0x00000000cbc00000, 0x00000000cbd00000|  0%| F|  |TAMS 0x00000000cbc00000, 0x00000000cbc00000| Untracked 
|  31|0x00000000cbd00000, 0x00000000cbd00000, 0x00000000cbe00000|  0%| F|  |TAMS 0x00000000cbd00000, 0x00000000cbd00000| Untracked 
|  32|0x00000000cbe00000, 0x00000000cbe00000, 0x00000000cbf00000|  0%| F|  |TAMS 0x00000000cbe00000, 0x00000000cbe00000| Untracked 
|  33|0x00000000cbf00000, 0x00000000cbf00000, 0x00000000cc000000|  0%| F|  |TAMS 0x00000000cbf00000, 0x00000000cbf00000| Untracked 
|  34|0x00000000cc000000, 0x00000000cc000000, 0x00000000cc100000|  0%| F|  |TAMS 0x00000000cc000000, 0x00000000cc000000| Untracked 
|  35|0x00000000cc100000, 0x00000000cc100000, 0x00000000cc200000|  0%| F|  |TAMS 0x00000000cc100000, 0x00000000cc100000| Untracked 
|  36|0x00000000cc200000, 0x00000000cc200000, 0x00000000cc300000|  0%| F|  |TAMS 0x00000000cc200000, 0x00000000cc200000| Untracked 
|  37|0x00000000cc300000, 0x00000000cc300000, 0x00000000cc400000|  0%| F|  |TAMS 0x00000000cc300000, 0x00000000cc300000| Untracked 
|  38|0x00000000cc400000, 0x00000000cc400000, 0x00000000cc500000|  0%| F|  |TAMS 0x00000000cc400000, 0x00000000cc400000| Untracked 
|  39|0x00000000cc500000, 0x00000000cc500000, 0x00000000cc600000|  0%| F|  |TAMS 0x00000000cc500000, 0x00000000cc500000| Untracked 
|  40|0x00000000cc600000, 0x00000000cc600000, 0x00000000cc700000|  0%| F|  |TAMS 0x00000000cc600000, 0x00000000cc600000| Untracked 
|  41|0x00000000cc700000, 0x00000000cc700000, 0x00000000cc800000|  0%| F|  |TAMS 0x00000000cc700000, 0x00000000cc700000| Untracked 
|  42|0x00000000cc800000, 0x00000000cc800000, 0x00000000cc900000|  0%| F|  |TAMS 0x00000000cc800000, 0x00000000cc800000| Untracked 
|  43|0x00000000cc900000, 0x00000000cc900000, 0x00000000cca00000|  0%| F|  |TAMS 0x00000000cc900000, 0x00000000cc900000| Untracked 
|  44|0x00000000cca00000, 0x00000000cca00000, 0x00000000ccb00000|  0%| F|  |TAMS 0x00000000cca00000, 0x00000000cca00000| Untracked 
|  45|0x00000000ccb00000, 0x00000000ccb00000, 0x00000000ccc00000|  0%| F|  |TAMS 0x00000000ccb00000, 0x00000000ccb00000| Untracked 
|  46|0x00000000ccc00000, 0x00000000ccc00000, 0x00000000ccd00000|  0%| F|  |TAMS 0x00000000ccc00000, 0x00000000ccc00000| Untracked 
|  47|0x00000000ccd00000, 0x00000000ccd00000, 0x00000000cce00000|  0%| F|  |TAMS 0x00000000ccd00000, 0x00000000ccd00000| Untracked 
|  48|0x00000000cce00000, 0x00000000cce00000, 0x00000000ccf00000|  0%| F|  |TAMS 0x00000000cce00000, 0x00000000cce00000| Untracked 
|  49|0x00000000ccf00000, 0x00000000ccf00000, 0x00000000cd000000|  0%| F|  |TAMS 0x00000000ccf00000, 0x00000000ccf00000| Untracked 
|  50|0x00000000cd000000, 0x00000000cd000000, 0x00000000cd100000|  0%| F|  |TAMS 0x00000000cd000000, 0x00000000cd000000| Untracked 
|  51|0x00000000cd100000, 0x00000000cd100000, 0x00000000cd200000|  0%| F|  |TAMS 0x00000000cd100000, 0x00000000cd100000| Untracked 
|  52|0x00000000cd200000, 0x00000000cd200000, 0x00000000cd300000|  0%| F|  |TAMS 0x00000000cd200000, 0x00000000cd200000| Untracked 
|  53|0x00000000cd300000, 0x00000000cd300000, 0x00000000cd400000|  0%| F|  |TAMS 0x00000000cd300000, 0x00000000cd300000| Untracked 
|  54|0x00000000cd400000, 0x00000000cd400000, 0x00000000cd500000|  0%| F|  |TAMS 0x00000000cd400000, 0x00000000cd400000| Untracked 
|  55|0x00000000cd500000, 0x00000000cd585318, 0x00000000cd600000| 52%| E|  |TAMS 0x00000000cd500000, 0x00000000cd500000| Complete 

Card table byte_map: [0x000002382a760000,0x000002382a920000] _byte_map_base: 0x000002382a111000

Marking Bits (Prev, Next): (CMBitMap*) 0x00000238162b7830, (CMBitMap*) 0x00000238162b7870
 Prev Bits: [0x000002382aae0000, 0x000002382b868000)
 Next Bits: [0x000002382b870000, 0x000002382c5f8000)

Polling page: 0x00000238160f0000

Metaspace:

Usage:
  Non-class:      2.26 MB used.
      Class:    202.95 KB used.
       Both:      2.46 MB used.

Virtual space:
  Non-class space:        8.00 MB reserved,       2.31 MB ( 29%) committed,  1 nodes.
      Class space:        1.00 GB reserved,     256.00 KB ( <1%) committed,  1 nodes.
             Both:        1.01 GB reserved,       2.56 MB ( <1%) committed. 

Chunk freelists:
   Non-Class:  0 bytes
       Class:  3.75 MB
        Both:  3.75 MB

MaxMetaspaceSize: unlimited
CompressedClassSpaceSize: 1.00 GB
Initial GC threshold: 21.00 MB
Current GC threshold: 17179869184.00 GB
CDS: off
MetaspaceReclaimPolicy: balanced
 - commit_granule_bytes: 65536.
 - commit_granule_words: 8192.
 - virtual_space_node_default_size: 1048576.
 - enlarge_chunks_in_place: 1.
 - new_chunks_are_fully_committed: 0.
 - uncommit_free_chunks: 1.
 - use_allocation_guard: 0.
 - handle_deallocations: 1.


Internal statistics:

num_allocs_failed_limit: 0.
num_arena_births: 2.
num_arena_deaths: 0.
num_vsnodes_births: 2.
num_vsnodes_deaths: 0.
num_space_committed: 41.
num_space_uncommitted: 0.
num_chunks_returned_to_freelist: 0.
num_chunks_taken_from_freelist: 3.
num_chunk_merges: 0.
num_chunk_splits: 1.
num_chunks_enlarged: 0.
num_purges: 0.
num_inconsistent_stats: 0.

CodeHeap 'non-profiled nmethods': size=120000Kb used=0Kb max_used=0Kb free=120000Kb
 bounds [0x0000023822a50000, 0x0000023822cc0000, 0x0000023829f80000]
CodeHeap 'profiled nmethods': size=120000Kb used=0Kb max_used=0Kb free=120000Kb
 bounds [0x000002381af80000, 0x000002381b1f0000, 0x00000238224b0000]
CodeHeap 'non-nmethods': size=5760Kb used=385Kb max_used=385Kb free=5374Kb
 bounds [0x00000238224b0000, 0x0000023822720000, 0x0000023822a50000]
 total_blobs=180 nmethods=0 adapters=153
 compilation: enabled
              stopped_count=0, restarted_count=0
 full_count=0

Compilation events (0 events):
No events

GC Heap History (0 events):
No events

Dll operation events (1 events):
Event: 0.047 Loaded shared library C:\Program Files\Android\Android Studio\jbr\bin\java.dll

Deoptimization events (0 events):
No events

Classes unloaded (0 events):
No events

Classes redefined (0 events):
No events

Internal exceptions (0 events):
No events

VM Operations (0 events):
No events

Events (20 events):
Event: 0.216 loading class jdk/internal/reflect/DelegatingConstructorAccessorImpl done
Event: 0.216 loading class sun/nio/cs/StreamEncoder
Event: 0.217 loading class sun/nio/cs/StreamEncoder done
Event: 0.217 loading class sun/nio/cs/SingleByte$Encoder
Event: 0.217 loading class sun/nio/cs/ArrayEncoder
Event: 0.217 loading class sun/nio/cs/ArrayEncoder done
Event: 0.217 loading class java/nio/charset/CharsetEncoder
Event: 0.217 loading class java/nio/charset/CharsetEncoder done
Event: 0.217 loading class sun/nio/cs/SingleByte$Encoder done
Event: 0.217 loading class sun/nio/cs/MS1252$Holder
Event: 0.218 loading class sun/nio/cs/MS1252$Holder done
Event: 0.218 loading class java/lang/StringUTF16
Event: 0.218 loading class java/lang/StringUTF16 done
Event: 0.219 loading class sun/nio/cs/SingleByte
Event: 0.219 loading class sun/nio/cs/SingleByte done
Event: 0.219 loading class java/nio/charset/CodingErrorAction
Event: 0.219 loading class java/nio/charset/CodingErrorAction done
Event: 0.219 loading class java/nio/ByteBuffer
Event: 0.219 loading class java/nio/ByteBuffer done
Event: 0.220 loading class jdk/internal/misc/ScopedMemoryAccess


Dynamic libraries:
0x00007ff66a9b0000 - 0x00007ff66a9ba000 	C:\Program Files\Android\Android Studio\jbr\bin\java.exe
0x00007fff90cd0000 - 0x00007fff90ec8000 	C:\Windows\SYSTEM32\ntdll.dll
0x00007fff8ff00000 - 0x00007fff8ffbf000 	C:\Windows\System32\KERNEL32.DLL
0x00007fff8e840000 - 0x00007fff8eb1a000 	C:\Windows\System32\KERNELBASE.dll
0x00007fff8ec30000 - 0x00007fff8ed30000 	C:\Windows\System32\ucrtbase.dll
0x00007fff770f0000 - 0x00007fff77107000 	C:\Program Files\Android\Android Studio\jbr\bin\jli.dll
0x00007fff78000000 - 0x00007fff7801b000 	C:\Program Files\Android\Android Studio\jbr\bin\VCRUNTIME140.dll
0x00007fff8f3d0000 - 0x00007fff8f56d000 	C:\Windows\System32\USER32.dll
0x00007fff8e5f0000 - 0x00007fff8e612000 	C:\Windows\System32\win32u.dll
0x00007fff8fb30000 - 0x00007fff8fb5b000 	C:\Windows\System32\GDI32.dll
0x00007fff8eb20000 - 0x00007fff8ec30000 	C:\Windows\System32\gdi32full.dll
0x00007fff8e3e0000 - 0x00007fff8e47d000 	C:\Windows\System32\msvcp_win.dll
0x00007fff7b5b0000 - 0x00007fff7b84a000 	C:\Windows\WinSxS\amd64_microsoft.windows.common-controls_6595b64144ccf1df_6.0.19041.1110_none_60b5254171f9507e\COMCTL32.dll
0x00007fff8f1b0000 - 0x00007fff8f24e000 	C:\Windows\System32\msvcrt.dll
0x00007fff90b20000 - 0x00007fff90b50000 	C:\Windows\System32\IMM32.DLL
0x00007fff83e40000 - 0x00007fff83e4c000 	C:\Program Files\Android\Android Studio\jbr\bin\vcruntime140_1.dll
0x00007fff75f00000 - 0x00007fff75f8d000 	C:\Program Files\Android\Android Studio\jbr\bin\msvcp140.dll
0x00007fff59dc0000 - 0x00007fff5aa2d000 	C:\Program Files\Android\Android Studio\jbr\bin\server\jvm.dll
0x00007fff90b80000 - 0x00007fff90c2e000 	C:\Windows\System32\ADVAPI32.dll
0x00007fff8ffc0000 - 0x00007fff9005c000 	C:\Windows\System32\sechost.dll
0x00007fff8fdd0000 - 0x00007fff8fef6000 	C:\Windows\System32\RPCRT4.dll
0x00007fff89fd0000 - 0x00007fff89fd9000 	C:\Windows\SYSTEM32\WSOCK32.dll
0x00007fff90ab0000 - 0x00007fff90b1b000 	C:\Windows\System32\WS2_32.dll
0x00007fff7f5c0000 - 0x00007fff7f5e7000 	C:\Windows\SYSTEM32\WINMM.dll
0x00007fff85b10000 - 0x00007fff85b1a000 	C:\Windows\SYSTEM32\VERSION.dll
0x00007fff8cbf0000 - 0x00007fff8cc02000 	C:\Windows\SYSTEM32\kernel.appcore.dll
0x00007fff886f0000 - 0x00007fff886fa000 	C:\Program Files\Android\Android Studio\jbr\bin\jimage.dll
0x00007fff8c9e0000 - 0x00007fff8cbc4000 	C:\Windows\SYSTEM32\DBGHELP.DLL
0x00007fff7bee0000 - 0x00007fff7bf14000 	C:\Windows\SYSTEM32\dbgcore.DLL
0x00007fff8e650000 - 0x00007fff8e6d2000 	C:\Windows\System32\bcryptPrimitives.dll
0x00007fff86010000 - 0x00007fff86035000 	C:\Program Files\Android\Android Studio\jbr\bin\java.dll
0x00007fff82920000 - 0x00007fff82938000 	C:\Program Files\Android\Android Studio\jbr\bin\zip.dll
0x00007fff90270000 - 0x00007fff909b4000 	C:\Windows\System32\SHELL32.dll
0x00007fff8c100000 - 0x00007fff8c893000 	C:\Windows\SYSTEM32\windows.storage.dll
0x00007fff8f570000 - 0x00007fff8f8c4000 	C:\Windows\System32\combase.dll
0x00007fff8dd60000 - 0x00007fff8dd8e000 	C:\Windows\SYSTEM32\Wldp.dll
0x00007fff8f250000 - 0x00007fff8f2fd000 	C:\Windows\System32\SHCORE.dll
0x00007fff8f9f0000 - 0x00007fff8fa45000 	C:\Windows\System32\shlwapi.dll
0x00007fff8e320000 - 0x00007fff8e33f000 	C:\Windows\SYSTEM32\profapi.dll

dbghelp: loaded successfully - version: 4.0.5 - missing functions: none
symbol engine: initialized successfully - sym options: 0x614 - pdb path: .;C:\Program Files\Android\Android Studio\jbr\bin;C:\Windows\SYSTEM32;C:\Windows\WinSxS\amd64_microsoft.windows.common-controls_6595b64144ccf1df_6.0.19041.1110_none_60b5254171f9507e;C:\Program Files\Android\Android Studio\jbr\bin\server

VM Arguments:
java_command: git4idea.http.GitAskPassApp Username for 'https://github.com': 
java_class_path (initial): C:/Program Files/Android/Android Studio/plugins/git4idea/lib/git4idea-rt.jar;C:/Program Files/Android/Android Studio/lib/externalProcess-rt.jar;C:/Program Files/Android/Android Studio/lib/app.jar;C:/Program Files/Android/Android Studio/lib/3rd-party-rt.jar
Launcher Type: SUN_STANDARD

[Global flags]
     intx CICompilerCount                          = 3                                         {product} {ergonomic}
     uint ConcGCThreads                            = 1                                         {product} {ergonomic}
     uint G1ConcRefinementThreads                  = 4                                         {product} {ergonomic}
   size_t G1HeapRegionSize                         = 1048576                                   {product} {ergonomic}
    uintx GCDrainStackTargetSize                   = 64                                        {product} {ergonomic}
   size_t InitialHeapSize                          = 58720256                                  {product} {ergonomic}
   size_t MarkStackSize                            = 4194304                                   {product} {ergonomic}
   size_t MaxHeapSize                              = 908066816                                 {product} {ergonomic}
   size_t MaxNewSize                               = 544210944                                 {product} {ergonomic}
   size_t MinHeapDeltaBytes                        = 1048576                                   {product} {ergonomic}
   size_t MinHeapSize                              = 8388608                                   {product} {ergonomic}
    uintx NonNMethodCodeHeapSize                   = 5832780                                {pd product} {ergonomic}
    uintx NonProfiledCodeHeapSize                  = 122912730                              {pd product} {ergonomic}
    uintx ProfiledCodeHeapSize                     = 122912730                              {pd product} {ergonomic}
    uintx ReservedCodeCacheSize                    = 251658240                              {pd product} {ergonomic}
     bool SegmentedCodeCache                       = true                                      {product} {ergonomic}
   size_t SoftMaxHeapSize                          = 908066816                              {manageable} {ergonomic}
     bool UseCompressedClassPointers               = true                           {product lp64_product} {ergonomic}
     bool UseCompressedOops                        = true                           {product lp64_product} {ergonomic}
     bool UseG1GC                                  = true                                      {product} {ergonomic}
     bool UseLargePagesIndividualAllocation        = false                                  {pd product} {ergonomic}

Logging:
Log output configuration:
 #0: stdout all=warning uptime,level,tags
 #1: stderr all=off uptime,level,tags

Environment Variables:
JAVA_HOME=C:\Program Files (x86)\Java\jre1.8.0_351
PATH=C:/Program Files/Git/mingw64/libexec/git-core;C:/Program Files/Git/mingw64/libexec/git-core;C:\Program Files\Git\mingw64\bin;C:\Program Files\Git\usr\bin;C:\Users\kappa\bin;C:\Program Files\Common Files\Oracle\Java\javapath;C:\Program Files (x86)\Common Files\Oracle\Java\javapath;C:\Windows\system32;C:\Windows;C:\Windows\System32\Wbem;C:\Windows\System32\WindowsPowerShell\v1.0\;C:\Windows\System32\OpenSSH\;C:\Program Files\Common Files\Autodesk Shared\;C:\Program Files\Microsoft SQL Server\120\Tools\Binn\;";C:\php";C:\Program Files (x86)\Java\jre1.8.0_351\bin;C:\Program Files\PostgreSQL\13\bin;C:\Users\kappa\Downloads\apache-maven-3.8.7\bin;C:\Users\kappa\Downloads\sonar-scanner-4.7.0.2747-windows\bin;C:\Program Files\Git\cmd;C:\Program Files\nodejs\;C:\Program Files\Docker\Docker\resources\bin;C:\Users\kappa\AppData\Local\Programs\Python\Python310\Scripts\;C:\Users\kappa\AppData\Local\Programs\Python\Python310\;C:\Users\kappa\AppData\Local\Microsoft\WindowsApps;C:\Users\kappa\AppData\Local\Programs\Microsoft VS Code\bin;C:\php;C:\Users\kappa\AppData\Local\GitHubDesktop\bin;C:\Users\kappa\Downloads\apache-maven-3.8.7\bin;C:\Users\kappa\Downloads\sonar-scanner-4.7.0.2747-windows\bin;C:\Program Files (x86)\Java\jre1.8.0_351\bin;C:\Users\kappa\AppData\Roaming\npm
USERNAME=kappa
DISPLAY=:0.0
LC_ALL=en_US.UTF-8
TERM=xterm-256color
TMPDIR=C:\Users\kappa\AppData\Local\Temp
OS=Windows_NT
PROCESSOR_IDENTIFIER=AMD64 Family 23 Model 24 Stepping 1, AuthenticAMD
TMP=C:\Users\kappa\AppData\Local\Temp
TEMP=C:\Users\kappa\AppData\Local\Temp



---------------  S Y S T E M  ---------------

OS:
 Windows 10 , 64 bit Build 19041 (10.0.19041.2788)
OS uptime: 3 days 2:09 hours
Hyper-V role detected

CPU: total 4 (initial active 4) (4 cores per cpu, 2 threads per core) family 23 model 24 stepping 1 microcode 0x0, cx8, cmov, fxsr, ht, mmx, 3dnowpref, sse, sse2, sse3, ssse3, sse4a, sse4.1, sse4.2, popcnt, lzcnt, tsc, tscinvbit, avx, avx2, aes, clmul, bmi1, bmi2, adx, sha, fma, vzeroupper, clflush, clflushopt, hv

Memory: 4k page, system-wide physical 3460M (322M free)
TotalPageFile size 14212M (AvailPageFile size 3M)
current process WorkingSet (physical memory assigned to process): 20M, peak: 20M
current process commit charge ("private bytes"): 114M, peak: 114M

vm_info: OpenJDK 64-Bit Server VM (17.0.6+0-b2043.56-9586694) for windows-amd64 JRE (17.0.6+0-b2043.56-9586694), built on Feb  9 2023 20:06:20 by "androidbuild" with MS VC++ 16.10 / 16.11 (VS2019)

END.
