#
# There is insufficient memory for the Java Runtime Environment to continue.
# Native memory allocation (mmap) failed to map 58720256 bytes for G1 virtual space
# Possible reasons:
#   The system is out of physical RAM or swap space
#   The process is running with CompressedOops enabled, and the Java Heap may be blocking the growth of the native heap
# Possible solutions:
#   Reduce memory load on the system
#   Increase physical memory or swap space
#   Check if swap backing store is full
#   Decrease Java heap size (-Xmx/-Xms)
#   Decrease number of Java threads
#   Decrease Java thread stack sizes (-Xss)
#   Set larger code cache with -XX:ReservedCodeCacheSize=
#   JVM is running with Unscaled Compressed Oops mode in which the Java heap is
#     placed in the first 4GB address space. The Java Heap base address is the
#     maximum limit for the native heap growth. Please use -XX:HeapBaseMinAddress
#     to set the Java Heap base and to place the Java Heap above 4GB virtual address.
# This output file may be truncated or incomplete.
#
#  Out of Memory Error (os_windows.cpp:3769), pid=13848, tid=12456
#
# JRE version:  (17.0.6) (build )
# Java VM: OpenJDK 64-Bit Server VM (17.0.6+0-b2043.56-9586694, mixed mode, sharing, tiered, compressed oops, compressed class ptrs, g1 gc, windows-amd64)
# No core dump will be written. Minidumps are not enabled by default on client versions of Windows
#

---------------  S U M M A R Y ------------

Command Line: git4idea.http.GitAskPassApp Username for 'https://github.com': 

Host: AMD Ryzen 3 3250U with Radeon Graphics         , 4 cores, 3G,  Windows 10 , 64 bit Build 19041 (10.0.19041.2788)
Time: Thu May 18 15:50:37 2023 GTB Daylight Time elapsed time: 0.064544 seconds (0d 0h 0m 0s)

---------------  T H R E A D  ---------------

Current thread (0x00000184e166bb40):  JavaThread "Unknown thread" [_thread_in_vm, id=12456, stack(0x00000028aee00000,0x00000028aef00000)]

Stack: [0x00000028aee00000,0x00000028aef00000]
Native frames: (J=compiled Java code, j=interpreted, Vv=VM code, C=native code)
V  [jvm.dll+0x683b4a]
V  [jvm.dll+0x842654]
V  [jvm.dll+0x843dfe]
V  [jvm.dll+0x844463]
V  [jvm.dll+0x249b75]
V  [jvm.dll+0x680a19]
V  [jvm.dll+0x674f0a]
V  [jvm.dll+0x309acb]
V  [jvm.dll+0x310f86]
V  [jvm.dll+0x3608ee]
V  [jvm.dll+0x360b1f]
V  [jvm.dll+0x2dfbf8]
V  [jvm.dll+0x2e0b64]
V  [jvm.dll+0x813f41]
V  [jvm.dll+0x36e6a1]
V  [jvm.dll+0x7f347c]
V  [jvm.dll+0x3f0e8f]
V  [jvm.dll+0x3f29d1]
C  [jli.dll+0x526b]
C  [ucrtbase.dll+0x21bb2]
C  [KERNEL32.DLL+0x17604]
C  [ntdll.dll+0x526a1]


---------------  P R O C E S S  ---------------

Threads class SMR info:
_java_thread_list=0x00007fff5a8fc058, length=0, elements={
}

Java Threads: ( => current thread )

Other Threads:
  0x00000184e16a6210 GCTaskThread "GC Thread#0" [stack: 0x00000028aef00000,0x00000028af000000] [id=2188]
  0x00000184e16aeda0 ConcurrentGCThread "G1 Main Marker" [stack: 0x00000028af000000,0x00000028af100000] [id=14112]
  0x00000184e16af7b0 ConcurrentGCThread "G1 Conc#0" [stack: 0x00000028af100000,0x00000028af200000] [id=5036]

[error occurred during error reporting (printing all threads), id 0xc0000005, EXCEPTION_ACCESS_VIOLATION (0xc0000005) at pc=0x00007fff5a0b0797]

VM state: not at safepoint (not fully initialized)

VM Mutex/Monitor currently owned by a thread:  ([mutex/lock_event])
[0x00000184e1667e50] Heap_lock - owner thread: 0x00000184e166bb40

Heap address: 0x00000000c9e00000, size: 866 MB, Compressed Oops mode: 32-bit

CDS archive(s) mapped at: [0x0000000000000000-0x0000000000000000-0x0000000000000000), size 0, SharedBaseAddress: 0x0000000800000000, ArchiveRelocationMode: 0.
Narrow klass base: 0x0000000000000000, Narrow klass shift: 0, Narrow klass range: 0x0

GC Precious Log:
<Empty>

Heap:
 garbage-first heap   total 0K, used 0K [0x00000000c9e00000, 0x0000000100000000)
  region size 1024K, 0 young (0K), 0 survivors (0K)

[error occurred during error reporting (printing heap information), id 0xc0000005, EXCEPTION_ACCESS_VIOLATION (0xc0000005) at pc=0x00007fff5a49d939]

GC Heap History (0 events):
No events

Dll operation events (1 events):
Event: 0.028 Loaded shared library C:\Program Files\Android\Android Studio\jbr\bin\java.dll

Deoptimization events (0 events):
No events

Classes unloaded (0 events):
No events

Classes redefined (0 events):
No events

Internal exceptions (0 events):
No events

VM Operations (0 events):
No events

Events (0 events):
No events


Dynamic libraries:
0x00007ff66a9b0000 - 0x00007ff66a9ba000 	C:\Program Files\Android\Android Studio\jbr\bin\java.exe
0x00007fff90cd0000 - 0x00007fff90ec8000 	C:\Windows\SYSTEM32\ntdll.dll
0x00007fff8ff00000 - 0x00007fff8ffbf000 	C:\Windows\System32\KERNEL32.DLL
0x00007fff8e840000 - 0x00007fff8eb1a000 	C:\Windows\System32\KERNELBASE.dll
0x00007fff8ec30000 - 0x00007fff8ed30000 	C:\Windows\System32\ucrtbase.dll
0x00007fff770f0000 - 0x00007fff77107000 	C:\Program Files\Android\Android Studio\jbr\bin\jli.dll
0x00007fff78000000 - 0x00007fff7801b000 	C:\Program Files\Android\Android Studio\jbr\bin\VCRUNTIME140.dll
0x00007fff8f3d0000 - 0x00007fff8f56d000 	C:\Windows\System32\USER32.dll
0x00007fff8e5f0000 - 0x00007fff8e612000 	C:\Windows\System32\win32u.dll
0x00007fff8fb30000 - 0x00007fff8fb5b000 	C:\Windows\System32\GDI32.dll
0x00007fff8eb20000 - 0x00007fff8ec30000 	C:\Windows\System32\gdi32full.dll
0x00007fff8e3e0000 - 0x00007fff8e47d000 	C:\Windows\System32\msvcp_win.dll
0x00007fff7b5b0000 - 0x00007fff7b84a000 	C:\Windows\WinSxS\amd64_microsoft.windows.common-controls_6595b64144ccf1df_6.0.19041.1110_none_60b5254171f9507e\COMCTL32.dll
0x00007fff8f1b0000 - 0x00007fff8f24e000 	C:\Windows\System32\msvcrt.dll
0x00007fff90b20000 - 0x00007fff90b50000 	C:\Windows\System32\IMM32.DLL
0x00007fff83e40000 - 0x00007fff83e4c000 	C:\Program Files\Android\Android Studio\jbr\bin\vcruntime140_1.dll
0x00007fff75f00000 - 0x00007fff75f8d000 	C:\Program Files\Android\Android Studio\jbr\bin\msvcp140.dll
0x00007fff59dc0000 - 0x00007fff5aa2d000 	C:\Program Files\Android\Android Studio\jbr\bin\server\jvm.dll
0x00007fff90b80000 - 0x00007fff90c2e000 	C:\Windows\System32\ADVAPI32.dll
0x00007fff8ffc0000 - 0x00007fff9005c000 	C:\Windows\System32\sechost.dll
0x00007fff8fdd0000 - 0x00007fff8fef6000 	C:\Windows\System32\RPCRT4.dll
0x00007fff89fd0000 - 0x00007fff89fd9000 	C:\Windows\SYSTEM32\WSOCK32.dll
0x00007fff90ab0000 - 0x00007fff90b1b000 	C:\Windows\System32\WS2_32.dll
0x00007fff7f5c0000 - 0x00007fff7f5e7000 	C:\Windows\SYSTEM32\WINMM.dll
0x00007fff85b10000 - 0x00007fff85b1a000 	C:\Windows\SYSTEM32\VERSION.dll
0x00007fff8cbf0000 - 0x00007fff8cc02000 	C:\Windows\SYSTEM32\kernel.appcore.dll
0x00007fff886f0000 - 0x00007fff886fa000 	C:\Program Files\Android\Android Studio\jbr\bin\jimage.dll
0x00007fff8c9e0000 - 0x00007fff8cbc4000 	C:\Windows\SYSTEM32\DBGHELP.DLL
0x00007fff7bee0000 - 0x00007fff7bf14000 	C:\Windows\SYSTEM32\dbgcore.DLL
0x00007fff8e650000 - 0x00007fff8e6d2000 	C:\Windows\System32\bcryptPrimitives.dll
0x00007fff86010000 - 0x00007fff86035000 	C:\Program Files\Android\Android Studio\jbr\bin\java.dll

dbghelp: loaded successfully - version: 4.0.5 - missing functions: none
symbol engine: initialized successfully - sym options: 0x614 - pdb path: .;C:\Program Files\Android\Android Studio\jbr\bin;C:\Windows\SYSTEM32;C:\Windows\WinSxS\amd64_microsoft.windows.common-controls_6595b64144ccf1df_6.0.19041.1110_none_60b5254171f9507e;C:\Program Files\Android\Android Studio\jbr\bin\server

VM Arguments:
java_command: git4idea.http.GitAskPassApp Username for 'https://github.com': 
java_class_path (initial): C:/Program Files/Android/Android Studio/plugins/git4idea/lib/git4idea-rt.jar;C:/Program Files/Android/Android Studio/lib/externalProcess-rt.jar;C:/Program Files/Android/Android Studio/lib/app.jar;C:/Program Files/Android/Android Studio/lib/3rd-party-rt.jar
Launcher Type: SUN_STANDARD

[Global flags]
     intx CICompilerCount                          = 3                                         {product} {ergonomic}
     uint ConcGCThreads                            = 1                                         {product} {ergonomic}
     uint G1ConcRefinementThreads                  = 4                                         {product} {ergonomic}
   size_t G1HeapRegionSize                         = 1048576                                   {product} {ergonomic}
    uintx GCDrainStackTargetSize                   = 64                                        {product} {ergonomic}
   size_t InitialHeapSize                          = 58720256                                  {product} {ergonomic}
   size_t MarkStackSize                            = 4194304                                   {product} {ergonomic}
   size_t MaxHeapSize                              = 908066816                                 {product} {ergonomic}
   size_t MinHeapDeltaBytes                        = 1048576                                   {product} {ergonomic}
   size_t MinHeapSize                              = 8388608                                   {product} {ergonomic}
    uintx NonNMethodCodeHeapSize                   = 5832780                                {pd product} {ergonomic}
    uintx NonProfiledCodeHeapSize                  = 122912730                              {pd product} {ergonomic}
    uintx ProfiledCodeHeapSize                     = 122912730                              {pd product} {ergonomic}
    uintx ReservedCodeCacheSize                    = 251658240                              {pd product} {ergonomic}
     bool SegmentedCodeCache                       = true                                      {product} {ergonomic}
   size_t SoftMaxHeapSize                          = 908066816                              {manageable} {ergonomic}
     bool UseCompressedClassPointers               = true                           {product lp64_product} {ergonomic}
     bool UseCompressedOops                        = true                           {product lp64_product} {ergonomic}
     bool UseG1GC                                  = true                                      {product} {ergonomic}
     bool UseLargePagesIndividualAllocation        = false                                  {pd product} {ergonomic}

Logging:
Log output configuration:
 #0: stdout all=warning uptime,level,tags
 #1: stderr all=off uptime,level,tags

Environment Variables:
JAVA_HOME=C:\Program Files (x86)\Java\jre1.8.0_351
PATH=C:/Program Files/Git/mingw64/libexec/git-core;C:/Program Files/Git/mingw64/libexec/git-core;C:\Program Files\Git\mingw64\bin;C:\Program Files\Git\usr\bin;C:\Users\kappa\bin;C:\Program Files\Common Files\Oracle\Java\javapath;C:\Program Files (x86)\Common Files\Oracle\Java\javapath;C:\Windows\system32;C:\Windows;C:\Windows\System32\Wbem;C:\Windows\System32\WindowsPowerShell\v1.0\;C:\Windows\System32\OpenSSH\;C:\Program Files\Common Files\Autodesk Shared\;C:\Program Files\Microsoft SQL Server\120\Tools\Binn\;";C:\php";C:\Program Files (x86)\Java\jre1.8.0_351\bin;C:\Program Files\PostgreSQL\13\bin;C:\Users\kappa\Downloads\apache-maven-3.8.7\bin;C:\Users\kappa\Downloads\sonar-scanner-4.7.0.2747-windows\bin;C:\Program Files\Git\cmd;C:\Program Files\nodejs\;C:\Program Files\Docker\Docker\resources\bin;C:\Users\kappa\AppData\Local\Programs\Python\Python310\Scripts\;C:\Users\kappa\AppData\Local\Programs\Python\Python310\;C:\Users\kappa\AppData\Local\Microsoft\WindowsApps;C:\Users\kappa\AppData\Local\Programs\Microsoft VS Code\bin;C:\php;C:\Users\kappa\AppData\Local\GitHubDesktop\bin;C:\Users\kappa\Downloads\apache-maven-3.8.7\bin;C:\Users\kappa\Downloads\sonar-scanner-4.7.0.2747-windows\bin;C:\Program Files (x86)\Java\jre1.8.0_351\bin;C:\Users\kappa\AppData\Roaming\npm
USERNAME=kappa
DISPLAY=:0.0
LC_ALL=en_US.UTF-8
TERM=xterm-256color
TMPDIR=C:\Users\kappa\AppData\Local\Temp
OS=Windows_NT
PROCESSOR_IDENTIFIER=AMD64 Family 23 Model 24 Stepping 1, AuthenticAMD
TMP=C:\Users\kappa\AppData\Local\Temp
TEMP=C:\Users\kappa\AppData\Local\Temp



---------------  S Y S T E M  ---------------

OS:
 Windows 10 , 64 bit Build 19041 (10.0.19041.2788)
OS uptime: 2 days 23:47 hours
Hyper-V role detected

CPU: total 4 (initial active 4) (4 cores per cpu, 2 threads per core) family 23 model 24 stepping 1 microcode 0x0, cx8, cmov, fxsr, ht, mmx, 3dnowpref, sse, sse2, sse3, ssse3, sse4a, sse4.1, sse4.2, popcnt, lzcnt, tsc, tscinvbit, avx, avx2, aes, clmul, bmi1, bmi2, adx, sha, fma, vzeroupper, clflush, clflushopt, hv

Memory: 4k page, system-wide physical 3460M (120M free)
TotalPageFile size 14212M (AvailPageFile size 52M)
current process WorkingSet (physical memory assigned to process): 9M, peak: 9M
current process commit charge ("private bytes"): 51M, peak: 107M

vm_info: OpenJDK 64-Bit Server VM (17.0.6+0-b2043.56-9586694) for windows-amd64 JRE (17.0.6+0-b2043.56-9586694), built on Feb  9 2023 20:06:20 by "androidbuild" with MS VC++ 16.10 / 16.11 (VS2019)

END.
